This file contains any messages produced by compilers while
running configure, to aid debugging if configure makes a mistake.

It was created by simplethreads configure 2.01, which was
generated by GNU Autoconf 2.68.  Invocation command line was

  $ ./configure 

## --------- ##
## Platform. ##
## --------- ##

hostname = attu4.cs.washington.edu
uname -m = x86_64
uname -r = 4.4.39-1.el7.elrepo.x86_64
uname -s = Linux
uname -v = #1 SMP Thu Dec 15 17:24:33 EST 2016

/usr/bin/uname -p = x86_64
/bin/uname -X     = unknown

/bin/arch              = x86_64
/usr/bin/arch -k       = unknown
/usr/convex/getsysinfo = unknown
/usr/bin/hostinfo      = unknown
/bin/machine           = unknown
/usr/bin/oslevel       = unknown
/bin/universe          = unknown

PATH: /cse/courses/cse451/17wi/local/bin
PATH: /cse/courses/cse451/17wi/local/bin
PATH: /cse/courses/cse451/17wi/local/bin
PATH: /usr/lib64/qt-3.3/bin
PATH: /usr/kerberos/sbin
PATH: /usr/kerberos/bin
PATH: /opt/rh/devtoolset-4/root/usr/bin
PATH: /opt/rh/rh-java-common/root/usr/bin
PATH: /opt/rh/rh-maven33/root/usr/bin
PATH: /opt/rh/sclo-git25/root/usr/bin
PATH: /opt/rh/sclo-subversion19/root/usr/bin
PATH: /usr/local/bin
PATH: /usr/bin
PATH: /usr/local/sbin
PATH: /usr/sbin
PATH: /homes/iws/veilam/.local/bin
PATH: /homes/iws/veilam/bin


## ----------- ##
## Core tests. ##
## ----------- ##

configure:2294: checking for a BSD-compatible install
configure:2362: result: /usr/bin/install -c
configure:2373: checking whether build environment is sane
configure:2423: result: yes
configure:2564: checking for a thread-safe mkdir -p
configure:2603: result: /usr/bin/mkdir -p
configure:2616: checking for gawk
configure:2632: found /usr/bin/gawk
configure:2643: result: gawk
configure:2654: checking whether make sets $(MAKE)
configure:2676: result: yes
configure:2763: checking build system type
configure:2777: result: x86_64-unknown-linux-gnu
configure:2797: checking host system type
configure:2810: result: x86_64-unknown-linux-gnu
configure:2879: checking for gcc
configure:2895: found /opt/rh/devtoolset-4/root/usr/bin/gcc
configure:2906: result: gcc
configure:3135: checking for C compiler version
configure:3144: gcc --version >&5
gcc (GCC) 5.3.1 20160406 (Red Hat 5.3.1-6)
Copyright (C) 2015 Free Software Foundation, Inc.
This is free software; see the source for copying conditions.  There is NO
warranty; not even for MERCHANTABILITY or FITNESS FOR A PARTICULAR PURPOSE.

configure:3155: $? = 0
configure:3144: gcc -v >&5
Using built-in specs.
COLLECT_GCC=gcc
COLLECT_LTO_WRAPPER=/opt/rh/devtoolset-4/root/usr/libexec/gcc/x86_64-redhat-linux/5.3.1/lto-wrapper
Target: x86_64-redhat-linux
Configured with: ../configure --enable-bootstrap --enable-languages=c,c++,fortran,lto --prefix=/opt/rh/devtoolset-4/root/usr --mandir=/opt/rh/devtoolset-4/root/usr/share/man --infodir=/opt/rh/devtoolset-4/root/usr/share/info --with-bugurl=http://bugzilla.redhat.com/bugzilla --enable-shared --enable-threads=posix --enable-checking=release --enable-multilib --with-system-zlib --enable-__cxa_atexit --disable-libunwind-exceptions --enable-gnu-unique-object --enable-linker-build-id --enable-plugin --with-linker-hash-style=gnu --enable-initfini-array --disable-libgcj --with-default-libstdcxx-abi=gcc4-compatible --with-isl=/builddir/build/BUILD/gcc-5.3.1-20160406/obj-x86_64-redhat-linux/isl-install --enable-libmpx --enable-gnu-indirect-function --with-tune=generic --with-arch_32=i686 --build=x86_64-redhat-linux
Thread model: posix
gcc version 5.3.1 20160406 (Red Hat 5.3.1-6) (GCC) 
configure:3155: $? = 0
configure:3144: gcc -V >&5
gcc: error: unrecognized command line option '-V'
gcc: fatal error: no input files
compilation terminated.
configure:3155: $? = 1
configure:3144: gcc -qversion >&5
gcc: error: unrecognized command line option '-qversion'
gcc: fatal error: no input files
compilation terminated.
configure:3155: $? = 1
configure:3175: checking whether the C compiler works
configure:3197: gcc    conftest.c  >&5
configure:3201: $? = 0
configure:3249: result: yes
configure:3252: checking for C compiler default output file name
configure:3254: result: a.out
configure:3260: checking for suffix of executables
configure:3267: gcc -o conftest    conftest.c  >&5
configure:3271: $? = 0
configure:3293: result: 
configure:3315: checking whether we are cross compiling
configure:3323: gcc -o conftest    conftest.c  >&5
configure:3327: $? = 0
configure:3334: ./conftest
configure:3338: $? = 0
configure:3353: result: no
configure:3358: checking for suffix of object files
configure:3380: gcc -c   conftest.c >&5
configure:3384: $? = 0
configure:3405: result: o
configure:3409: checking whether we are using the GNU C compiler
configure:3428: gcc -c   conftest.c >&5
configure:3428: $? = 0
configure:3437: result: yes
configure:3446: checking whether gcc accepts -g
configure:3466: gcc -c -g  conftest.c >&5
configure:3466: $? = 0
configure:3507: result: yes
configure:3524: checking for gcc option to accept ISO C89
configure:3588: gcc  -c -g -O2  conftest.c >&5
configure:3588: $? = 0
configure:3601: result: none needed
configure:3632: checking for style of include used by make
configure:3660: result: GNU
configure:3686: checking dependency style of gcc
configure:3797: result: gcc3
configure:3822: checking dependency style of gcc
configure:3931: result: gcc3
configure:3948: checking whether make sets $(MAKE)
configure:3970: result: yes
configure:4056: checking how to print strings
configure:4083: result: printf
configure:4104: checking for a sed that does not truncate output
configure:4168: result: /usr/bin/sed
configure:4186: checking for grep that handles long lines and -e
configure:4244: result: /usr/bin/grep
configure:4249: checking for egrep
configure:4311: result: /usr/bin/grep -E
configure:4316: checking for fgrep
configure:4378: result: /usr/bin/grep -F
configure:4413: checking for ld used by gcc
configure:4480: result: /usr/bin/ld
configure:4487: checking if the linker (/usr/bin/ld) is GNU ld
configure:4502: result: yes
configure:4514: checking for BSD- or MS-compatible name lister (nm)
configure:4563: result: /usr/bin/nm -B
configure:4693: checking the name lister (/usr/bin/nm -B) interface
configure:4700: gcc -c -g -O0 -Wall  conftest.c >&5
configure:4703: /usr/bin/nm -B "conftest.o"
configure:4706: output
0000000000000000 B some_variable
configure:4713: result: BSD nm
configure:4716: checking whether ln -s works
configure:4720: result: yes
configure:4728: checking the maximum length of command line arguments
configure:4853: result: 1572864
configure:4870: checking whether the shell understands some XSI constructs
configure:4880: result: yes
configure:4884: checking whether the shell understands "+="
configure:4890: result: yes
configure:4925: checking how to convert x86_64-unknown-linux-gnu file names to x86_64-unknown-linux-gnu format
configure:4965: result: func_convert_file_noop
configure:4972: checking how to convert x86_64-unknown-linux-gnu file names to toolchain format
configure:4992: result: func_convert_file_noop
configure:4999: checking for /usr/bin/ld option to reload object files
configure:5006: result: -r
configure:5080: checking for objdump
configure:5096: found /usr/bin/objdump
configure:5107: result: objdump
configure:5139: checking how to recognize dependent libraries
configure:5341: result: pass_all
configure:5426: checking for dlltool
configure:5456: result: no
configure:5486: checking how to associate runtime and link libraries
configure:5513: result: printf %s\n
configure:5574: checking for ar
configure:5590: found /usr/bin/ar
configure:5601: result: ar
configure:5638: checking for archiver @FILE support
configure:5655: gcc -c -g -O0 -Wall  conftest.c >&5
configure:5655: $? = 0
configure:5658: ar cru libconftest.a @conftest.lst >&5
configure:5661: $? = 0
configure:5666: ar cru libconftest.a @conftest.lst >&5
ar: conftest.o: No such file or directory
configure:5669: $? = 1
configure:5681: result: @
configure:5739: checking for strip
configure:5755: found /usr/bin/strip
configure:5766: result: strip
configure:5838: checking for ranlib
configure:5854: found /usr/bin/ranlib
configure:5865: result: ranlib
configure:5967: checking command to parse /usr/bin/nm -B output from gcc object
configure:6086: gcc -c -g -O0 -Wall  conftest.c >&5
configure:6089: $? = 0
configure:6093: /usr/bin/nm -B conftest.o \| sed -n -e 's/^.*[ ]\([ABCDGIRSTW][ABCDGIRSTW]*\)[ ][ ]*\([_A-Za-z][_A-Za-z0-9]*\)$/\1 \2 \2/p' | sed '/ __gnu_lto/d' \> conftest.nm
configure:6096: $? = 0
configure:6162: gcc -o conftest -g -O0 -Wall   conftest.c conftstm.o >&5
configure:6165: $? = 0
configure:6203: result: ok
configure:6240: checking for sysroot
configure:6270: result: no
configure:6347: gcc -c -g -O0 -Wall  conftest.c >&5
configure:6350: $? = 0
configure:6513: checking for mt
configure:6529: found /usr/bin/mt
configure:6540: result: mt
configure:6563: checking if mt is a manifest tool
configure:6569: mt '-?'
usage: mt [-v] [--version] [-h] [ -f device ] command [ count ]
configure:6577: result: no
configure:7209: checking how to run the C preprocessor
configure:7240: gcc -E  conftest.c
configure:7240: $? = 0
configure:7254: gcc -E  conftest.c
conftest.c:11:28: fatal error: ac_nonexistent.h: No such file or directory
compilation terminated.
configure:7254: $? = 1
configure: failed program was:
| /* confdefs.h */
| #define PACKAGE_NAME "simplethreads"
| #define PACKAGE_TARNAME "simplethreads"
| #define PACKAGE_VERSION "2.01"
| #define PACKAGE_STRING "simplethreads 2.01"
| #define PACKAGE_BUGREPORT ""
| #define PACKAGE_URL ""
| #define PACKAGE "simplethreads"
| #define VERSION "2.01"
| /* end confdefs.h.  */
| #include <ac_nonexistent.h>
configure:7279: result: gcc -E
configure:7299: gcc -E  conftest.c
configure:7299: $? = 0
configure:7313: gcc -E  conftest.c
conftest.c:11:28: fatal error: ac_nonexistent.h: No such file or directory
compilation terminated.
configure:7313: $? = 1
configure: failed program was:
| /* confdefs.h */
| #define PACKAGE_NAME "simplethreads"
| #define PACKAGE_TARNAME "simplethreads"
| #define PACKAGE_VERSION "2.01"
| #define PACKAGE_STRING "simplethreads 2.01"
| #define PACKAGE_BUGREPORT ""
| #define PACKAGE_URL ""
| #define PACKAGE "simplethreads"
| #define VERSION "2.01"
| /* end confdefs.h.  */
| #include <ac_nonexistent.h>
configure:7342: checking for ANSI C header files
configure:7362: gcc -c -g -O0 -Wall  conftest.c >&5
configure:7362: $? = 0
configure:7435: gcc -o conftest -g -O0 -Wall   conftest.c  >&5
configure:7435: $? = 0
configure:7435: ./conftest
configure:7435: $? = 0
configure:7446: result: yes
configure:7459: checking for sys/types.h
configure:7459: gcc -c -g -O0 -Wall  conftest.c >&5
configure:7459: $? = 0
configure:7459: result: yes
configure:7459: checking for sys/stat.h
configure:7459: gcc -c -g -O0 -Wall  conftest.c >&5
configure:7459: $? = 0
configure:7459: result: yes
configure:7459: checking for stdlib.h
configure:7459: gcc -c -g -O0 -Wall  conftest.c >&5
configure:7459: $? = 0
configure:7459: result: yes
configure:7459: checking for string.h
configure:7459: gcc -c -g -O0 -Wall  conftest.c >&5
configure:7459: $? = 0
configure:7459: result: yes
configure:7459: checking for memory.h
configure:7459: gcc -c -g -O0 -Wall  conftest.c >&5
configure:7459: $? = 0
configure:7459: result: yes
configure:7459: checking for strings.h
configure:7459: gcc -c -g -O0 -Wall  conftest.c >&5
configure:7459: $? = 0
configure:7459: result: yes
configure:7459: checking for inttypes.h
configure:7459: gcc -c -g -O0 -Wall  conftest.c >&5
configure:7459: $? = 0
configure:7459: result: yes
configure:7459: checking for stdint.h
configure:7459: gcc -c -g -O0 -Wall  conftest.c >&5
configure:7459: $? = 0
configure:7459: result: yes
configure:7459: checking for unistd.h
configure:7459: gcc -c -g -O0 -Wall  conftest.c >&5
configure:7459: $? = 0
configure:7459: result: yes
configure:7473: checking for dlfcn.h
configure:7473: gcc -c -g -O0 -Wall  conftest.c >&5
configure:7473: $? = 0
configure:7473: result: yes
configure:7630: checking for objdir
configure:7645: result: .libs
configure:7916: checking if gcc supports -fno-rtti -fno-exceptions
configure:7934: gcc -c -g -O0 -Wall  -fno-rtti -fno-exceptions conftest.c >&5
cc1: warning: command line option '-fno-rtti' is valid for C++/ObjC++ but not for C
configure:7938: $? = 0
configure:7951: result: no
configure:8261: checking for gcc option to produce PIC
configure:8268: result: -fPIC -DPIC
configure:8276: checking if gcc PIC flag -fPIC -DPIC works
configure:8294: gcc -c -g -O0 -Wall  -fPIC -DPIC -DPIC conftest.c >&5
configure:8298: $? = 0
configure:8311: result: yes
configure:8340: checking if gcc static flag -static works
configure:8368: result: yes
configure:8383: checking if gcc supports -c -o file.o
configure:8404: gcc -c -g -O0 -Wall  -o out/conftest2.o conftest.c >&5
configure:8408: $? = 0
configure:8430: result: yes
configure:8438: checking if gcc supports -c -o file.o
configure:8485: result: yes
configure:8518: checking whether the gcc linker (/usr/bin/ld -m elf_x86_64) supports shared libraries
configure:9676: result: yes
configure:9921: checking dynamic linker characteristics
configure:10435: gcc -o conftest -g -O0 -Wall   -Wl,-rpath -Wl,/foo conftest.c  >&5
configure:10435: $? = 0
configure:10661: result: GNU/Linux ld.so
configure:10768: checking how to hardcode library paths into programs
configure:10793: result: immediate
configure:11333: checking whether stripping libraries is possible
configure:11338: result: yes
configure:11373: checking if libtool supports shared libraries
configure:11375: result: yes
configure:11378: checking whether to build shared libraries
configure:11399: result: no
configure:11402: checking whether to build static libraries
configure:11406: result: yes
configure:11442: checking for ANSI C header files
configure:11546: result: yes
configure:11557: checking pthread.h usability
configure:11557: gcc -c -g -O0 -Wall  conftest.c >&5
configure:11557: $? = 0
configure:11557: result: yes
configure:11557: checking pthread.h presence
configure:11557: gcc -E  conftest.c
configure:11557: $? = 0
configure:11557: result: yes
configure:11557: checking for pthread.h
configure:11557: result: yes
configure:11557: checking assert.h usability
configure:11557: gcc -c -g -O0 -Wall  conftest.c >&5
configure:11557: $? = 0
configure:11557: result: yes
configure:11557: checking assert.h presence
configure:11557: gcc -E  conftest.c
configure:11557: $? = 0
configure:11557: result: yes
configure:11557: checking for assert.h
configure:11557: result: yes
configure:11570: checking sched.h usability
configure:11570: gcc -c -g -O0 -Wall  conftest.c >&5
configure:11570: $? = 0
configure:11570: result: yes
configure:11570: checking sched.h presence
configure:11570: gcc -E  conftest.c
configure:11570: $? = 0
configure:11570: result: yes
configure:11570: checking for sched.h
configure:11570: result: yes
configure:11570: checking sys/time.h usability
configure:11570: gcc -c -g -O0 -Wall  conftest.c >&5
configure:11570: $? = 0
configure:11570: result: yes
configure:11570: checking sys/time.h presence
configure:11570: gcc -E  conftest.c
configure:11570: $? = 0
configure:11570: result: yes
configure:11570: checking for sys/time.h
configure:11570: result: yes
configure:11570: checking sys/socket.h usability
configure:11570: gcc -c -g -O0 -Wall  conftest.c >&5
configure:11570: $? = 0
configure:11570: result: yes
configure:11570: checking sys/socket.h presence
configure:11570: gcc -E  conftest.c
configure:11570: $? = 0
configure:11570: result: yes
configure:11570: checking for sys/socket.h
configure:11570: result: yes
configure:11580: checking for socklen_t
configure:11580: gcc -c -g -O0 -Wall  conftest.c >&5
configure:11580: $? = 0
configure:11580: gcc -c -g -O0 -Wall  conftest.c >&5
conftest.c: In function 'main':
conftest.c:35:24: error: expected expression before ')' token
 if (sizeof ((socklen_t)))
                        ^
configure:11580: $? = 1
configure: failed program was:
| /* confdefs.h */
| #define PACKAGE_NAME "simplethreads"
| #define PACKAGE_TARNAME "simplethreads"
| #define PACKAGE_VERSION "2.01"
| #define PACKAGE_STRING "simplethreads 2.01"
| #define PACKAGE_BUGREPORT ""
| #define PACKAGE_URL ""
| #define PACKAGE "simplethreads"
| #define VERSION "2.01"
| #define STDC_HEADERS 1
| #define HAVE_SYS_TYPES_H 1
| #define HAVE_SYS_STAT_H 1
| #define HAVE_STDLIB_H 1
| #define HAVE_STRING_H 1
| #define HAVE_MEMORY_H 1
| #define HAVE_STRINGS_H 1
| #define HAVE_INTTYPES_H 1
| #define HAVE_STDINT_H 1
| #define HAVE_UNISTD_H 1
| #define HAVE_DLFCN_H 1
| #define LT_OBJDIR ".libs/"
| #define STDC_HEADERS 1
| #define HAVE_PTHREAD_H 1
| #define HAVE_ASSERT_H 1
| #define HAVE_SCHED_H 1
| #define HAVE_SYS_TIME_H 1
| #define HAVE_SYS_SOCKET_H 1
| /* end confdefs.h.  */
| #include <sys/types.h>
| #include <sys/socket.h>
| 
| int
| main ()
| {
| if (sizeof ((socklen_t)))
| 	    return 0;
|   ;
|   return 0;
| }
configure:11580: result: yes
configure:11595: checking for select
configure:11595: gcc -o conftest -g -O0 -Wall   conftest.c  >&5
configure:11595: $? = 0
configure:11595: result: yes
configure:11595: checking for sched_yield
configure:11595: gcc -o conftest -g -O0 -Wall   conftest.c  >&5
configure:11595: $? = 0
configure:11595: result: yes
configure:11769: checking for the pthreads library -lpthreads
configure:11802: gcc -o conftest -g -O0 -Wall    conftest.c -lpthreads  >&5
conftest.c: In function 'main':
conftest.c:37:22: warning: null argument where non-null required (argument 1) [-Wnonnull]
                      pthread_attr_init(0); pthread_cleanup_push(0, 0);
                      ^
conftest.c:38:22: warning: null argument where non-null required (argument 1) [-Wnonnull]
                      pthread_create(0,0,0,0); pthread_cleanup_pop(0);
                      ^
conftest.c:38:22: warning: null argument where non-null required (argument 3) [-Wnonnull]
conftest.c:36:15: warning: 'th' is used uninitialized in this function [-Wuninitialized]
 pthread_t th; pthread_join(th, 0);
               ^
/usr/bin/ld: cannot find -lpthreads
collect2: error: ld returned 1 exit status
configure:11802: $? = 1
configure: failed program was:
| /* confdefs.h */
| #define PACKAGE_NAME "simplethreads"
| #define PACKAGE_TARNAME "simplethreads"
| #define PACKAGE_VERSION "2.01"
| #define PACKAGE_STRING "simplethreads 2.01"
| #define PACKAGE_BUGREPORT ""
| #define PACKAGE_URL ""
| #define PACKAGE "simplethreads"
| #define VERSION "2.01"
| #define STDC_HEADERS 1
| #define HAVE_SYS_TYPES_H 1
| #define HAVE_SYS_STAT_H 1
| #define HAVE_STDLIB_H 1
| #define HAVE_STRING_H 1
| #define HAVE_MEMORY_H 1
| #define HAVE_STRINGS_H 1
| #define HAVE_INTTYPES_H 1
| #define HAVE_STDINT_H 1
| #define HAVE_UNISTD_H 1
| #define HAVE_DLFCN_H 1
| #define LT_OBJDIR ".libs/"
| #define STDC_HEADERS 1
| #define HAVE_PTHREAD_H 1
| #define HAVE_ASSERT_H 1
| #define HAVE_SCHED_H 1
| #define HAVE_SYS_TIME_H 1
| #define HAVE_SYS_SOCKET_H 1
| #define HAVE_SOCKLEN_T 1
| #define HAVE_SELECT 1
| #define HAVE_SCHED_YIELD 1
| /* end confdefs.h.  */
| #include <pthread.h>
| int
| main ()
| {
| pthread_t th; pthread_join(th, 0);
|                      pthread_attr_init(0); pthread_cleanup_push(0, 0);
|                      pthread_create(0,0,0,0); pthread_cleanup_pop(0);
|   ;
|   return 0;
| }
configure:11811: result: no
configure:11714: checking whether pthreads work without any flags
configure:11802: gcc -o conftest -g -O0 -Wall    conftest.c   >&5
conftest.c: In function 'main':
conftest.c:37:22: warning: null argument where non-null required (argument 1) [-Wnonnull]
                      pthread_attr_init(0); pthread_cleanup_push(0, 0);
                      ^
conftest.c:38:22: warning: null argument where non-null required (argument 1) [-Wnonnull]
                      pthread_create(0,0,0,0); pthread_cleanup_pop(0);
                      ^
conftest.c:38:22: warning: null argument where non-null required (argument 3) [-Wnonnull]
conftest.c:36:15: warning: 'th' is used uninitialized in this function [-Wuninitialized]
 pthread_t th; pthread_join(th, 0);
               ^
/tmp/cc96sTCB.o: In function `main':
/homes/iws/veilam/cse451/project2/user-level-threads/simplethreads/conftest.c:36: undefined reference to `pthread_join'
/homes/iws/veilam/cse451/project2/user-level-threads/simplethreads/conftest.c:37: undefined reference to `__pthread_register_cancel'
/homes/iws/veilam/cse451/project2/user-level-threads/simplethreads/conftest.c:38: undefined reference to `pthread_create'
/homes/iws/veilam/cse451/project2/user-level-threads/simplethreads/conftest.c:38: undefined reference to `__pthread_unregister_cancel'
collect2: error: ld returned 1 exit status
configure:11802: $? = 1
configure: failed program was:
| /* confdefs.h */
| #define PACKAGE_NAME "simplethreads"
| #define PACKAGE_TARNAME "simplethreads"
| #define PACKAGE_VERSION "2.01"
| #define PACKAGE_STRING "simplethreads 2.01"
| #define PACKAGE_BUGREPORT ""
| #define PACKAGE_URL ""
| #define PACKAGE "simplethreads"
| #define VERSION "2.01"
| #define STDC_HEADERS 1
| #define HAVE_SYS_TYPES_H 1
| #define HAVE_SYS_STAT_H 1
| #define HAVE_STDLIB_H 1
| #define HAVE_STRING_H 1
| #define HAVE_MEMORY_H 1
| #define HAVE_STRINGS_H 1
| #define HAVE_INTTYPES_H 1
| #define HAVE_STDINT_H 1
| #define HAVE_UNISTD_H 1
| #define HAVE_DLFCN_H 1
| #define LT_OBJDIR ".libs/"
| #define STDC_HEADERS 1
| #define HAVE_PTHREAD_H 1
| #define HAVE_ASSERT_H 1
| #define HAVE_SCHED_H 1
| #define HAVE_SYS_TIME_H 1
| #define HAVE_SYS_SOCKET_H 1
| #define HAVE_SOCKLEN_T 1
| #define HAVE_SELECT 1
| #define HAVE_SCHED_YIELD 1
| /* end confdefs.h.  */
| #include <pthread.h>
| int
| main ()
| {
| pthread_t th; pthread_join(th, 0);
|                      pthread_attr_init(0); pthread_cleanup_push(0, 0);
|                      pthread_create(0,0,0,0); pthread_cleanup_pop(0);
|   ;
|   return 0;
| }
configure:11811: result: no
configure:11719: checking whether pthreads work with -Kthread
configure:11802: gcc -o conftest -g -O0 -Wall -Kthread   conftest.c   >&5
gcc: error: unrecognized command line option '-Kthread'
configure:11802: $? = 1
configure: failed program was:
| /* confdefs.h */
| #define PACKAGE_NAME "simplethreads"
| #define PACKAGE_TARNAME "simplethreads"
| #define PACKAGE_VERSION "2.01"
| #define PACKAGE_STRING "simplethreads 2.01"
| #define PACKAGE_BUGREPORT ""
| #define PACKAGE_URL ""
| #define PACKAGE "simplethreads"
| #define VERSION "2.01"
| #define STDC_HEADERS 1
| #define HAVE_SYS_TYPES_H 1
| #define HAVE_SYS_STAT_H 1
| #define HAVE_STDLIB_H 1
| #define HAVE_STRING_H 1
| #define HAVE_MEMORY_H 1
| #define HAVE_STRINGS_H 1
| #define HAVE_INTTYPES_H 1
| #define HAVE_STDINT_H 1
| #define HAVE_UNISTD_H 1
| #define HAVE_DLFCN_H 1
| #define LT_OBJDIR ".libs/"
| #define STDC_HEADERS 1
| #define HAVE_PTHREAD_H 1
| #define HAVE_ASSERT_H 1
| #define HAVE_SCHED_H 1
| #define HAVE_SYS_TIME_H 1
| #define HAVE_SYS_SOCKET_H 1
| #define HAVE_SOCKLEN_T 1
| #define HAVE_SELECT 1
| #define HAVE_SCHED_YIELD 1
| /* end confdefs.h.  */
| #include <pthread.h>
| int
| main ()
| {
| pthread_t th; pthread_join(th, 0);
|                      pthread_attr_init(0); pthread_cleanup_push(0, 0);
|                      pthread_create(0,0,0,0); pthread_cleanup_pop(0);
|   ;
|   return 0;
| }
configure:11811: result: no
configure:11719: checking whether pthreads work with -kthread
configure:11802: gcc -o conftest -g -O0 -Wall -kthread   conftest.c   >&5
gcc: error: unrecognized command line option '-kthread'
configure:11802: $? = 1
configure: failed program was:
| /* confdefs.h */
| #define PACKAGE_NAME "simplethreads"
| #define PACKAGE_TARNAME "simplethreads"
| #define PACKAGE_VERSION "2.01"
| #define PACKAGE_STRING "simplethreads 2.01"
| #define PACKAGE_BUGREPORT ""
| #define PACKAGE_URL ""
| #define PACKAGE "simplethreads"
| #define VERSION "2.01"
| #define STDC_HEADERS 1
| #define HAVE_SYS_TYPES_H 1
| #define HAVE_SYS_STAT_H 1
| #define HAVE_STDLIB_H 1
| #define HAVE_STRING_H 1
| #define HAVE_MEMORY_H 1
| #define HAVE_STRINGS_H 1
| #define HAVE_INTTYPES_H 1
| #define HAVE_STDINT_H 1
| #define HAVE_UNISTD_H 1
| #define HAVE_DLFCN_H 1
| #define LT_OBJDIR ".libs/"
| #define STDC_HEADERS 1
| #define HAVE_PTHREAD_H 1
| #define HAVE_ASSERT_H 1
| #define HAVE_SCHED_H 1
| #define HAVE_SYS_TIME_H 1
| #define HAVE_SYS_SOCKET_H 1
| #define HAVE_SOCKLEN_T 1
| #define HAVE_SELECT 1
| #define HAVE_SCHED_YIELD 1
| /* end confdefs.h.  */
| #include <pthread.h>
| int
| main ()
| {
| pthread_t th; pthread_join(th, 0);
|                      pthread_attr_init(0); pthread_cleanup_push(0, 0);
|                      pthread_create(0,0,0,0); pthread_cleanup_pop(0);
|   ;
|   return 0;
| }
configure:11811: result: no
configure:11769: checking for the pthreads library -llthread
configure:11802: gcc -o conftest -g -O0 -Wall    conftest.c -llthread  >&5
conftest.c: In function 'main':
conftest.c:37:22: warning: null argument where non-null required (argument 1) [-Wnonnull]
                      pthread_attr_init(0); pthread_cleanup_push(0, 0);
                      ^
conftest.c:38:22: warning: null argument where non-null required (argument 1) [-Wnonnull]
                      pthread_create(0,0,0,0); pthread_cleanup_pop(0);
                      ^
conftest.c:38:22: warning: null argument where non-null required (argument 3) [-Wnonnull]
conftest.c:36:15: warning: 'th' is used uninitialized in this function [-Wuninitialized]
 pthread_t th; pthread_join(th, 0);
               ^
/usr/bin/ld: cannot find -llthread
collect2: error: ld returned 1 exit status
configure:11802: $? = 1
configure: failed program was:
| /* confdefs.h */
| #define PACKAGE_NAME "simplethreads"
| #define PACKAGE_TARNAME "simplethreads"
| #define PACKAGE_VERSION "2.01"
| #define PACKAGE_STRING "simplethreads 2.01"
| #define PACKAGE_BUGREPORT ""
| #define PACKAGE_URL ""
| #define PACKAGE "simplethreads"
| #define VERSION "2.01"
| #define STDC_HEADERS 1
| #define HAVE_SYS_TYPES_H 1
| #define HAVE_SYS_STAT_H 1
| #define HAVE_STDLIB_H 1
| #define HAVE_STRING_H 1
| #define HAVE_MEMORY_H 1
| #define HAVE_STRINGS_H 1
| #define HAVE_INTTYPES_H 1
| #define HAVE_STDINT_H 1
| #define HAVE_UNISTD_H 1
| #define HAVE_DLFCN_H 1
| #define LT_OBJDIR ".libs/"
| #define STDC_HEADERS 1
| #define HAVE_PTHREAD_H 1
| #define HAVE_ASSERT_H 1
| #define HAVE_SCHED_H 1
| #define HAVE_SYS_TIME_H 1
| #define HAVE_SYS_SOCKET_H 1
| #define HAVE_SOCKLEN_T 1
| #define HAVE_SELECT 1
| #define HAVE_SCHED_YIELD 1
| /* end confdefs.h.  */
| #include <pthread.h>
| int
| main ()
| {
| pthread_t th; pthread_join(th, 0);
|                      pthread_attr_init(0); pthread_cleanup_push(0, 0);
|                      pthread_create(0,0,0,0); pthread_cleanup_pop(0);
|   ;
|   return 0;
| }
configure:11811: result: no
configure:11719: checking whether pthreads work with -pthread
configure:11802: gcc -o conftest -g -O0 -Wall -pthread   conftest.c   >&5
conftest.c: In function 'main':
conftest.c:37:22: warning: null argument where non-null required (argument 1) [-Wnonnull]
                      pthread_attr_init(0); pthread_cleanup_push(0, 0);
                      ^
conftest.c:38:22: warning: null argument where non-null required (argument 1) [-Wnonnull]
                      pthread_create(0,0,0,0); pthread_cleanup_pop(0);
                      ^
conftest.c:38:22: warning: null argument where non-null required (argument 3) [-Wnonnull]
conftest.c:36:15: warning: 'th' is used uninitialized in this function [-Wuninitialized]
 pthread_t th; pthread_join(th, 0);
               ^
configure:11802: $? = 0
configure:11811: result: yes
configure:11830: checking for joinable pthread attribute
configure:11845: gcc -o conftest -g -O0 -Wall -pthread   conftest.c   >&5
configure:11845: $? = 0
configure:11851: result: PTHREAD_CREATE_JOINABLE
configure:11861: checking if more special flags are required for pthreads
configure:11868: result: no
configure:11951: checking whether to use platform-native threads
configure:11973: result: no
configure:11986: checking whether to disable preemption
configure:12006: result: no
configure:12184: creating ./config.status

## ---------------------- ##
## Running config.status. ##
## ---------------------- ##

This file was extended by simplethreads config.status 2.01, which was
generated by GNU Autoconf 2.68.  Invocation command line was

  CONFIG_FILES    = 
  CONFIG_HEADERS  = 
  CONFIG_LINKS    = 
  CONFIG_COMMANDS = 
  $ ./config.status 

on attu4.cs.washington.edu

config.status:1117: creating Makefile
config.status:1117: creating include/Makefile
config.status:1117: creating lib/Makefile
config.status:1117: creating test/Makefile
config.status:1117: creating web/Makefile
config.status:1117: creating include/config.h
config.status:1346: executing depfiles commands
config.status:1346: executing libtool commands

## ---------------- ##
## Cache variables. ##
## ---------------- ##

ac_cv_build=x86_64-unknown-linux-gnu
ac_cv_c_compiler_gnu=yes
ac_cv_env_CCASFLAGS_set=
ac_cv_env_CCASFLAGS_value=
ac_cv_env_CCAS_set=
ac_cv_env_CCAS_value=
ac_cv_env_CC_set=
ac_cv_env_CC_value=
ac_cv_env_CFLAGS_set=
ac_cv_env_CFLAGS_value=
ac_cv_env_CPPFLAGS_set=
ac_cv_env_CPPFLAGS_value=
ac_cv_env_CPP_set=
ac_cv_env_CPP_value=
ac_cv_env_LDFLAGS_set=
ac_cv_env_LDFLAGS_value=
ac_cv_env_LIBS_set=
ac_cv_env_LIBS_value=
ac_cv_env_build_alias_set=
ac_cv_env_build_alias_value=
ac_cv_env_host_alias_set=
ac_cv_env_host_alias_value=
ac_cv_env_target_alias_set=
ac_cv_env_target_alias_value=
ac_cv_func_sched_yield=yes
ac_cv_func_select=yes
ac_cv_header_assert_h=yes
ac_cv_header_dlfcn_h=yes
ac_cv_header_inttypes_h=yes
ac_cv_header_memory_h=yes
ac_cv_header_pthread_h=yes
ac_cv_header_sched_h=yes
ac_cv_header_stdc=yes
ac_cv_header_stdint_h=yes
ac_cv_header_stdlib_h=yes
ac_cv_header_string_h=yes
ac_cv_header_strings_h=yes
ac_cv_header_sys_socket_h=yes
ac_cv_header_sys_stat_h=yes
ac_cv_header_sys_time_h=yes
ac_cv_header_sys_types_h=yes
ac_cv_header_unistd_h=yes
ac_cv_host=x86_64-unknown-linux-gnu
ac_cv_objext=o
ac_cv_path_EGREP='/usr/bin/grep -E'
ac_cv_path_FGREP='/usr/bin/grep -F'
ac_cv_path_GREP=/usr/bin/grep
ac_cv_path_SED=/usr/bin/sed
ac_cv_path_install='/usr/bin/install -c'
ac_cv_path_mkdir=/usr/bin/mkdir
ac_cv_prog_AWK=gawk
ac_cv_prog_CPP='gcc -E'
ac_cv_prog_ac_ct_AR=ar
ac_cv_prog_ac_ct_CC=gcc
ac_cv_prog_ac_ct_MANIFEST_TOOL=mt
ac_cv_prog_ac_ct_OBJDUMP=objdump
ac_cv_prog_ac_ct_RANLIB=ranlib
ac_cv_prog_ac_ct_STRIP=strip
ac_cv_prog_cc_c89=
ac_cv_prog_cc_g=yes
ac_cv_prog_make_make_set=yes
ac_cv_type_socklen_t=yes
am_cv_CCAS_dependencies_compiler_type=gcc3
am_cv_CC_dependencies_compiler_type=gcc3
lt_cv_ar_at_file=@
lt_cv_deplibs_check_method=pass_all
lt_cv_file_magic_cmd='$MAGIC_CMD'
lt_cv_file_magic_test_file=
lt_cv_ld_reload_flag=-r
lt_cv_nm_interface='BSD nm'
lt_cv_objdir=.libs
lt_cv_path_LD=/usr/bin/ld
lt_cv_path_NM='/usr/bin/nm -B'
lt_cv_path_mainfest_tool=no
lt_cv_prog_compiler_c_o=yes
lt_cv_prog_compiler_pic='-fPIC -DPIC'
lt_cv_prog_compiler_pic_works=yes
lt_cv_prog_compiler_rtti_exceptions=no
lt_cv_prog_compiler_static_works=yes
lt_cv_prog_gnu_ld=yes
lt_cv_sharedlib_from_linklib_cmd='printf %s\n'
lt_cv_shlibpath_overrides_runpath=no
lt_cv_sys_global_symbol_pipe='sed -n -e '\''s/^.*[	 ]\([ABCDGIRSTW][ABCDGIRSTW]*\)[	 ][	 ]*\([_A-Za-z][_A-Za-z0-9]*\)$/\1 \2 \2/p'\'' | sed '\''/ __gnu_lto/d'\'''
lt_cv_sys_global_symbol_to_c_name_address='sed -n -e '\''s/^: \([^ ]*\)[ ]*$/  {\"\1\", (void *) 0},/p'\'' -e '\''s/^[ABCDGIRSTW]* \([^ ]*\) \([^ ]*\)$/  {"\2", (void *) \&\2},/p'\'''
lt_cv_sys_global_symbol_to_c_name_address_lib_prefix='sed -n -e '\''s/^: \([^ ]*\)[ ]*$/  {\"\1\", (void *) 0},/p'\'' -e '\''s/^[ABCDGIRSTW]* \([^ ]*\) \(lib[^ ]*\)$/  {"\2", (void *) \&\2},/p'\'' -e '\''s/^[ABCDGIRSTW]* \([^ ]*\) \([^ ]*\)$/  {"lib\2", (void *) \&\2},/p'\'''
lt_cv_sys_global_symbol_to_cdecl='sed -n -e '\''s/^T .* \(.*\)$/extern int \1();/p'\'' -e '\''s/^[ABCDGIRSTW]* .* \(.*\)$/extern char \1;/p'\'''
lt_cv_sys_max_cmd_len=1572864
lt_cv_to_host_file_cmd=func_convert_file_noop
lt_cv_to_tool_file_cmd=func_convert_file_noop

## ----------------- ##
## Output variables. ##
## ----------------- ##

ACLOCAL='${SHELL} /homes/iws/veilam/cse451/project2/user-level-threads/simplethreads/missing --run aclocal-1.11'
AMDEPBACKSLASH='\'
AMDEP_FALSE='#'
AMDEP_TRUE=''
AMTAR='$${TAR-tar}'
AR='ar'
AUTOCONF='${SHELL} /homes/iws/veilam/cse451/project2/user-level-threads/simplethreads/missing --run autoconf'
AUTOHEADER='${SHELL} /homes/iws/veilam/cse451/project2/user-level-threads/simplethreads/missing --run autoheader'
AUTOMAKE='${SHELL} /homes/iws/veilam/cse451/project2/user-level-threads/simplethreads/missing --run automake-1.11'
AWK='gawk'
CC='gcc'
CCAS='gcc'
CCASDEPMODE='depmode=gcc3'
CCASFLAGS='-g -O0 -Wall -I ../include -D__ASM__'
CCDEPMODE='depmode=gcc3'
CFLAGS='-g -O0 -Wall'
CPP='gcc -E'
CPPFLAGS=''
CYGPATH_W='echo'
DEFS='-DHAVE_CONFIG_H'
DEPDIR='.deps'
DISABLE_PREEMPTION_FALSE=''
DISABLE_PREEMPTION_TRUE='#'
DLLTOOL='false'
DSYMUTIL=''
DUMPBIN=''
ECHO_C=''
ECHO_N='-n'
ECHO_T=''
EGREP='/usr/bin/grep -E'
EXEEXT=''
FGREP='/usr/bin/grep -F'
GREP='/usr/bin/grep'
INSTALL_DATA='${INSTALL} -m 644'
INSTALL_PROGRAM='${INSTALL}'
INSTALL_SCRIPT='${INSTALL}'
INSTALL_STRIP_PROGRAM='$(install_sh) -c -s'
LD='/usr/bin/ld -m elf_x86_64'
LDFLAGS=''
LIBOBJS=''
LIBS=''
LIBTOOL='$(SHELL) $(top_builddir)/libtool'
LIPO=''
LN_S='ln -s'
LTLIBOBJS=''
MAKEINFO='${SHELL} /homes/iws/veilam/cse451/project2/user-level-threads/simplethreads/missing --run makeinfo'
MANIFEST_TOOL=':'
MKDIR_P='/usr/bin/mkdir -p'
NM='/usr/bin/nm -B'
NMEDIT=''
OBJDUMP='objdump'
OBJEXT='o'
OTOOL64=''
OTOOL=''
PACKAGE='simplethreads'
PACKAGE_BUGREPORT=''
PACKAGE_NAME='simplethreads'
PACKAGE_STRING='simplethreads 2.01'
PACKAGE_TARNAME='simplethreads'
PACKAGE_URL=''
PACKAGE_VERSION='2.01'
PATH_SEPARATOR=':'
PTHREAD_CC='gcc'
PTHREAD_CFLAGS='-pthread'
PTHREAD_LIBS=''
RANLIB='ranlib'
SED='/usr/bin/sed'
SET_MAKE=''
SHELL='/bin/sh'
STRIP='strip'
USE_PTHREADS_FALSE=''
USE_PTHREADS_TRUE='#'
VERSION='2.01'
ac_ct_AR='ar'
ac_ct_CC='gcc'
ac_ct_DUMPBIN=''
acx_pthread_config=''
am__EXEEXT_FALSE=''
am__EXEEXT_TRUE='#'
am__fastdepCCAS_FALSE='#'
am__fastdepCCAS_TRUE=''
am__fastdepCC_FALSE='#'
am__fastdepCC_TRUE=''
am__include='include'
am__isrc=''
am__leading_dot='.'
am__nodep='_no'
am__quote=''
am__tar='$${TAR-tar} chof - "$$tardir"'
am__untar='$${TAR-tar} xf -'
bindir='${exec_prefix}/bin'
build='x86_64-unknown-linux-gnu'
build_alias=''
build_cpu='x86_64'
build_os='linux-gnu'
build_vendor='unknown'
datadir='${datarootdir}'
datarootdir='${prefix}/share'
docdir='${datarootdir}/doc/${PACKAGE_TARNAME}'
dvidir='${docdir}'
exec_prefix='${prefix}'
host='x86_64-unknown-linux-gnu'
host_alias=''
host_cpu='x86_64'
host_os='linux-gnu'
host_vendor='unknown'
htmldir='${docdir}'
includedir='${prefix}/include'
infodir='${datarootdir}/info'
install_sh='${SHELL} /homes/iws/veilam/cse451/project2/user-level-threads/simplethreads/install-sh'
libdir='${exec_prefix}/lib'
libexecdir='${exec_prefix}/libexec'
localedir='${datarootdir}/locale'
localstatedir='${prefix}/var'
mandir='${datarootdir}/man'
mkdir_p='/usr/bin/mkdir -p'
oldincludedir='/usr/include'
pdfdir='${docdir}'
prefix='/usr/local'
program_transform_name='s,x,x,'
psdir='${docdir}'
sbindir='${exec_prefix}/sbin'
sharedstatedir='${prefix}/com'
sysconfdir='${prefix}/etc'
target_alias=''

## ----------- ##
## confdefs.h. ##
## ----------- ##

/* confdefs.h */
#define PACKAGE_NAME "simplethreads"
#define PACKAGE_TARNAME "simplethreads"
#define PACKAGE_VERSION "2.01"
#define PACKAGE_STRING "simplethreads 2.01"
#define PACKAGE_BUGREPORT ""
#define PACKAGE_URL ""
#define PACKAGE "simplethreads"
#define VERSION "2.01"
#define STDC_HEADERS 1
#define HAVE_SYS_TYPES_H 1
#define HAVE_SYS_STAT_H 1
#define HAVE_STDLIB_H 1
#define HAVE_STRING_H 1
#define HAVE_MEMORY_H 1
#define HAVE_STRINGS_H 1
#define HAVE_INTTYPES_H 1
#define HAVE_STDINT_H 1
#define HAVE_UNISTD_H 1
#define HAVE_DLFCN_H 1
#define LT_OBJDIR ".libs/"
#define STDC_HEADERS 1
#define HAVE_PTHREAD_H 1
#define HAVE_ASSERT_H 1
#define HAVE_SCHED_H 1
#define HAVE_SYS_TIME_H 1
#define HAVE_SYS_SOCKET_H 1
#define HAVE_SOCKLEN_T 1
#define HAVE_SELECT 1
#define HAVE_SCHED_YIELD 1
#define HAVE_PTHREAD 1
#define _GNU_SOURCE 1
#define STHREAD_CPU_X86_64 1

configure: exit 0
